C51 COMPILER V9.01   MAIN02                                                                07/07/2024 18:31:27 PAGE 1   


C51 COMPILER V9.01, COMPILATION OF MODULE MAIN02
OBJECT MODULE PLACED IN main02.OBJ
COMPILER INVOKED BY: C:\Keil_v5\C51\BIN\C51.EXE main02.c BROWSE DEBUG OBJECTEXTEND

line level    source

   1          #include <REGX52.H>
   2          void main(void)
   3          {
   4   1      //      P2=0xFE;
   5   1              
   6   1              while(1)
   7   1              {
   8   2                      if(P3_1==0)
   9   2                      {
  10   3                              P0_0=0; 
  11   3                      }
  12   2                      else
  13   2                      {
  14   3                              P0_0=1;
  15   3                      }
  16   2              }
  17   1      }


MODULE INFORMATION:   STATIC OVERLAYABLE
   CODE SIZE        =     11    ----
   CONSTANT SIZE    =   ----    ----
   XDATA SIZE       =   ----    ----
   PDATA SIZE       =   ----    ----
   DATA SIZE        =   ----    ----
   IDATA SIZE       =   ----    ----
   BIT SIZE         =   ----    ----
END OF MODULE INFORMATION.


C51 COMPILATION COMPLETE.  0 WARNING(S),  0 ERROR(S)
