C51 COMPILER V9.01   MAIN                                                                  07/08/2024 18:06:23 PAGE 1   


C51 COMPILER V9.01, COMPILATION OF MODULE MAIN
OBJECT MODULE PLACED IN main.OBJ
COMPILER INVOKED BY: C:\Keil_v5\C51\BIN\C51.EXE main.c BROWSE DEBUG OBJECTEXTEND

line level    source

   1          #include <regx52.h>
   2          void Delay(int p)       //@12.000MHz
   3          {
   4   1              unsigned char data i, j;
   5   1              while(p >= 0) 
   6   1              {i = 2;
   7   2              j = 239;
   8   2              do
   9   2              {
  10   3                      while (--j);
  11   3              } while (--i);
  12   2              p--;
  13   2              }
  14   1      }
  15          
  16          int number[] = {0x3F, 0x06, 0x5B, 0x4F, 0x66, 0x6D, 0x7D, 0x07, 0x7F, 0x6F};
  17          void led(int location, num)
  18          {
  19   1              switch(location)
  20   1              {
  21   2                      case 1:P2_4 = 1;P2_3 = 1;P2_2 = 1;break;
  22   2                      case 2:P2_4 = 1;P2_3 = 1;P2_2 = 0;break;
  23   2                      case 3:P2_4 = 1;P2_3 = 0;P2_2 = 1;break;
  24   2                      case 4:P2_4 = 1;P2_3 = 0;P2_2 = 0;break;
  25   2                      case 5:P2_4 = 0;P2_3 = 1;P2_2 = 1;break;
  26   2                      case 6:P2_4 = 0;P2_3 = 1;P2_2 = 0;break;
  27   2                      case 7:P2_4 = 0;P2_3 = 0;P2_2 = 1;break;
  28   2                      case 8:P2_4 = 0;P2_3 = 0;P2_2 = 0;break;                        
  29   2              }
  30   1              P0 = number[num];
  31   1      }
  32          void main(void)
  33          {
  34   1              while(1)
  35   1              {
  36   2                      led(2, 1);
  37   2                      Delay(1);
  38   2                      led(3, 1);
  39   2                      Delay(1);
  40   2                      led(4, 4);
  41   2                      Delay(1);
  42   2                      led(5, 5);
  43   2                      Delay(1);
  44   2                      led(6, 1);
  45   2                      Delay(1);
  46   2                      led(7, 4);
  47   2                      Delay(1);
  48   2              }
  49   1      }


MODULE INFORMATION:   STATIC OVERLAYABLE
   CODE SIZE        =    194    ----
   CONSTANT SIZE    =   ----    ----
   XDATA SIZE       =   ----    ----
C51 COMPILER V9.01   MAIN                                                                  07/08/2024 18:06:23 PAGE 2   

   PDATA SIZE       =   ----    ----
   DATA SIZE        =     20    ----
   IDATA SIZE       =   ----    ----
   BIT SIZE         =   ----    ----
END OF MODULE INFORMATION.


C51 COMPILATION COMPLETE.  0 WARNING(S),  0 ERROR(S)
