C51 COMPILER V9.01   DELAY                                                                 07/09/2024 20:04:24 PAGE 1   


C51 COMPILER V9.01, COMPILATION OF MODULE DELAY
OBJECT MODULE PLACED IN Delay.OBJ
COMPILER INVOKED BY: C:\Keil_v5\C51\BIN\C51.EXE Delay.c BROWSE DEBUG OBJECTEXTEND

line level    source

   1          #include <regx52.h>
   2          void Delay(int p)       //@12.000MHz
   3          {
   4   1              unsigned char data i, j;
   5   1              while(p >= 0) 
   6   1              {i = 2;
   7   2              j = 239;
   8   2              do
   9   2              {
  10   3                      while (--j);
  11   3              } while (--i);
  12   2              p--;
  13   2              }
  14   1      }
  15          
  16          
  17          
  18          
  19          int number[] = {0x3F, 0x06, 0x5B, 0x4F, 0x66, 0x6D, 0x7D, 0x07, 0x7F, 0x6F};
  20          void led(int location, num)
  21          {
  22   1              switch(location)
  23   1              {
  24   2                      case 1:P2_4 = 1;P2_3 = 1;P2_2 = 1;break;
  25   2                      case 2:P2_4 = 1;P2_3 = 1;P2_2 = 0;break;
  26   2                      case 3:P2_4 = 1;P2_3 = 0;P2_2 = 1;break;
  27   2                      case 4:P2_4 = 1;P2_3 = 0;P2_2 = 0;break;
  28   2                      case 5:P2_4 = 0;P2_3 = 1;P2_2 = 1;break;
  29   2                      case 6:P2_4 = 0;P2_3 = 1;P2_2 = 0;break;
  30   2                      case 7:P2_4 = 0;P2_3 = 0;P2_2 = 1;break;
  31   2                      case 8:P2_4 = 0;P2_3 = 0;P2_2 = 0;break;                        
  32   2              }
  33   1              P0 = number[num];
  34   1      }


MODULE INFORMATION:   STATIC OVERLAYABLE
   CODE SIZE        =    129    ----
   CONSTANT SIZE    =   ----    ----
   XDATA SIZE       =   ----    ----
   PDATA SIZE       =   ----    ----
   DATA SIZE        =     20    ----
   IDATA SIZE       =   ----    ----
   BIT SIZE         =   ----    ----
END OF MODULE INFORMATION.


C51 COMPILATION COMPLETE.  0 WARNING(S),  0 ERROR(S)
