C51 COMPILER V9.01   LCD1602                                                               07/09/2024 20:40:59 PAGE 1   


C51 COMPILER V9.01, COMPILATION OF MODULE LCD1602
OBJECT MODULE PLACED IN LCD1602.OBJ
COMPILER INVOKED BY: C:\Keil_v5\C51\BIN\C51.EXE LCD1602.c BROWSE DEBUG OBJECTEXTEND

line level    source

   1          #include <REGX52.H>
   2          
   3          
   4          sbit LCD_RS=P2^6;
   5          sbit LCD_RW=P2^5;
   6          sbit LCD_EN=P2^7;
   7          #define LCD_DataPort P0
   8          
   9          
  10          void LCD_Delay()
  11          {
  12   1              unsigned char i, j;
  13   1      
  14   1              i = 2;
  15   1              j = 239;
  16   1              do
  17   1              {
  18   2                      while (--j);
  19   2              } while (--i);
  20   1      }
  21          
  22          
  23          void LCD_WriteCommand(unsigned char Command)
  24          {
  25   1              LCD_RS=0;
  26   1              LCD_RW=0;
  27   1              LCD_DataPort=Command;
  28   1              LCD_EN=1;
  29   1              LCD_Delay();
  30   1              LCD_EN=0;
  31   1              LCD_Delay();
  32   1      }
  33          
  34          
  35          void LCD_WriteData(unsigned char Data)
  36          {
  37   1              LCD_RS=1;
  38   1              LCD_RW=0;
  39   1              LCD_DataPort=Data;
  40   1              LCD_EN=1;
  41   1              LCD_Delay();
  42   1              LCD_EN=0;
  43   1              LCD_Delay();
  44   1      }
  45          
  46          /**
  47            * @brief  LCD1602设置光标位置
  48            * @param  Line 行位置，范围：1~2
  49            * @param  Column 列位置，范围：1~16
  50            * @retval 无
  51            */
  52          void LCD_SetCursor(unsigned char Line,unsigned char Column)
  53          {
  54   1              if(Line==1)
  55   1              {
C51 COMPILER V9.01   LCD1602                                                               07/09/2024 20:40:59 PAGE 2   

  56   2                      LCD_WriteCommand(0x80|(Column-1));
  57   2              }
  58   1              else if(Line==2)
  59   1              {
  60   2                      LCD_WriteCommand(0x80|(Column-1+0x40));
  61   2              }
  62   1      }
  63          
  64          
  65          void LCD_Init()
  66          {
  67   1              LCD_WriteCommand(0x38);//八位数据接口，两行显示，5*7点阵
  68   1              LCD_WriteCommand(0x0c);//显示开，光标关，闪烁关
  69   1              LCD_WriteCommand(0x06);//数据读写操作后，光标自动加一，画面不动
  70   1              LCD_WriteCommand(0x01);//光标复位，清屏
  71   1      }
  72          
  73          /**
  74            * @brief  在LCD1602指定位置上显示一个字符
  75            * @param  Line 行位置，范围：1~2
  76            * @param  Column 列位置，范围：1~16
  77            * @param  Char 要显示的字符
  78            * @retval 无
  79            */
  80          void LCD_ShowChar(unsigned char Line,unsigned char Column,char Char)
  81          {
  82   1              LCD_SetCursor(Line,Column);
  83   1              LCD_WriteData(Char);
  84   1      }
  85          
  86          /**
  87            * @brief  在LCD1602指定位置开始显示所给字符串
  88            * @param  Line 起始行位置，范围：1~2
  89            * @param  Column 起始列位置，范围：1~16
  90            * @param  String 要显示的字符串
  91            * @retval 无
  92            */
  93          void LCD_ShowString(unsigned char Line,unsigned char Column,char *String)
  94          {
  95   1              unsigned char i;
  96   1              LCD_SetCursor(Line,Column);
  97   1              for(i=0;String[i]!='\0';i++)
  98   1              {
  99   2                      LCD_WriteData(String[i]);
 100   2              }
 101   1      }
 102          
 103          /**
 104            * @brief  返回值=X的Y次方
 105            */
 106          int LCD_Pow(int X,int Y)
 107          {
 108   1              unsigned char i;
 109   1              int Result=1;
 110   1              for(i=0;i<Y;i++)
 111   1              {
 112   2                      Result*=X;
 113   2              }
 114   1              return Result;
 115   1      }
 116          
 117          /**
C51 COMPILER V9.01   LCD1602                                                               07/09/2024 20:40:59 PAGE 3   

 118            * @brief  在LCD1602指定位置开始显示所给数字
 119            * @param  Line 起始行位置，范围：1~2
 120            * @param  Column 起始列位置，范围：1~16
 121            * @param  Number 要显示的数字，范围：0~65535
 122            * @param  Length 要显示数字的长度，范围：1~5
 123            * @retval 无
 124            */
 125          void LCD_ShowNum(unsigned char Line,unsigned char Column,unsigned int Number,unsigned char Length)
 126          {
 127   1              unsigned char i;
 128   1              LCD_SetCursor(Line,Column);
 129   1              for(i=Length;i>0;i--)
 130   1              {
 131   2                      LCD_WriteData(Number/LCD_Pow(10,i-1)%10+'0');
 132   2              }
 133   1      }
 134          
 135          /**
 136            * @brief  在LCD1602指定位置开始以有符号十进制显示所给数字
 137            * @param  Line 起始行位置，范围：1~2
 138            * @param  Column 起始列位置，范围：1~16
 139            * @param  Number 要显示的数字，范围：-32768~32767
 140            * @param  Length 要显示数字的长度，范围：1~5
 141            * @retval 无
 142            */
 143          void LCD_ShowSignedNum(unsigned char Line,unsigned char Column,int Number,unsigned char Length)
 144          {
 145   1              unsigned char i;
 146   1              unsigned int Number1;
 147   1              LCD_SetCursor(Line,Column);
 148   1              if(Number>=0)
 149   1              {
 150   2                      LCD_WriteData('+');
 151   2                      Number1=Number;
 152   2              }
 153   1              else
 154   1              {
 155   2                      LCD_WriteData('-');
 156   2                      Number1=-Number;
 157   2              }
 158   1              for(i=Length;i>0;i--)
 159   1              {
 160   2                      LCD_WriteData(Number1/LCD_Pow(10,i-1)%10+'0');
 161   2              }
 162   1      }
 163          
 164          /**
 165            * @brief  在LCD1602指定位置开始以十六进制显示所给数字
 166            * @param  Line 起始行位置，范围：1~2
 167            * @param  Column 起始列位置，范围：1~16
 168            * @param  Number 要显示的数字，范围：0~0xFFFF
 169            * @param  Length 要显示数字的长度，范围：1~4
 170            * @retval 无
 171            */
 172          void LCD_ShowHexNum(unsigned char Line,unsigned char Column,unsigned int Number,unsigned char Length)
 173          {
 174   1              unsigned char i,SingleNumber;
 175   1              LCD_SetCursor(Line,Column);
 176   1              for(i=Length;i>0;i--)
 177   1              {
 178   2                      SingleNumber=Number/LCD_Pow(16,i-1)%16;
 179   2                      if(SingleNumber<10)
C51 COMPILER V9.01   LCD1602                                                               07/09/2024 20:40:59 PAGE 4   

 180   2                      {
 181   3                              LCD_WriteData(SingleNumber+'0');
 182   3                      }
 183   2                      else
 184   2                      {
 185   3                              LCD_WriteData(SingleNumber-10+'A');
 186   3                      }
 187   2              }
 188   1      }
 189          
 190          /**
 191            * @brief  在LCD1602指定位置开始以二进制显示所给数字
 192            * @param  Line 起始行位置，范围：1~2
 193            * @param  Column 起始列位置，范围：1~16
 194            * @param  Number 要显示的数字，范围：0~1111 1111 1111 1111
 195            * @param  Length 要显示数字的长度，范围：1~16
 196            * @retval 无
 197            */
 198          void LCD_ShowBinNum(unsigned char Line,unsigned char Column,unsigned int Number,unsigned char Length)
 199          {
 200   1              unsigned char i;
 201   1              LCD_SetCursor(Line,Column);
 202   1              for(i=Length;i>0;i--)
 203   1              {
 204   2                      LCD_WriteData(Number/LCD_Pow(2,i-1)%2+'0');
 205   2              }
 206   1      }


MODULE INFORMATION:   STATIC OVERLAYABLE
   CODE SIZE        =    393    ----
   CONSTANT SIZE    =   ----    ----
   XDATA SIZE       =   ----    ----
   PDATA SIZE       =   ----    ----
   DATA SIZE        =   ----      29
   IDATA SIZE       =   ----    ----
   BIT SIZE         =   ----    ----
END OF MODULE INFORMATION.


C51 COMPILATION COMPLETE.  0 WARNING(S),  0 ERROR(S)
