C51 COMPILER V9.01   MAIN                                                                  07/09/2024 20:53:45 PAGE 1   


C51 COMPILER V9.01, COMPILATION OF MODULE MAIN
OBJECT MODULE PLACED IN main.OBJ
COMPILER INVOKED BY: C:\Keil_v5\C51\BIN\C51.EXE main.c BROWSE DEBUG OBJECTEXTEND

line level    source

   1          #include <regx52.h>
   2          #include "LCD1602.h"
   3          void main(void)
   4          {
   5   1              LCD_Init();
   6   1              LCD_ShowChar(1, 1, 'A');
   7   1              LCD_ShowString(1, 3, "Hello");
   8   1              while(1)
   9   1              {
  10   2              }
  11   1      }


MODULE INFORMATION:   STATIC OVERLAYABLE
   CODE SIZE        =     27    ----
   CONSTANT SIZE    =      6    ----
   XDATA SIZE       =   ----    ----
   PDATA SIZE       =   ----    ----
   DATA SIZE        =   ----    ----
   IDATA SIZE       =   ----    ----
   BIT SIZE         =   ----    ----
END OF MODULE INFORMATION.


C51 COMPILATION COMPLETE.  0 WARNING(S),  0 ERROR(S)
